<?xml version="1.0" encoding="UTF-8"?>
<!-- Generated by org.testng.reporters.JUnitXMLReporter -->
<testsuite hostname="MININT-T19EEF9" failures="0" tests="4" name="Default test" time="41.066" errors="0" timestamp="21 Nov 2018 16:32:48 GMT">
  <testcase classname="com.azn.qa.testcase.TempPageTest" name="CaptureTestData" time="0.024"/>
  <testcase classname="com.azn.qa.testcase.TempPageTest" name="CaptureTestData" time="0.003"/>
  <testcase classname="com.azn.qa.testcase.TempPageTest" name="CaptureTestData" time="0.002"/>
  <testcase classname="com.azn.qa.testcase.TempPageTest" name="sampleMethod" time="0.003"/>
</testsuite> <!-- Default test -->
